{"/home/nataly/Documentos/Laboratoria/especializacion/markdown/scl-2018-01-FE-markdown/lib/controller.js": {"path":"/home/nataly/Documentos/Laboratoria/especializacion/markdown/scl-2018-01-FE-markdown/lib/controller.js","statementMap":{"0":{"start":{"line":1,"column":102},"end":{"line":1,"column":122}},"1":{"start":{"line":4,"column":25},"end":{"line":42,"column":1}},"2":{"start":{"line":5,"column":2},"end":{"line":41,"column":3}},"3":{"start":{"line":6,"column":19},"end":{"line":6,"column":35}},"4":{"start":{"line":7,"column":18},"end":{"line":7,"column":42}},"5":{"start":{"line":8,"column":4},"end":{"line":13,"column":7}},"6":{"start":{"line":9,"column":18},"end":{"line":9,"column":58}},"7":{"start":{"line":10,"column":22},"end":{"line":10,"column":41}},"8":{"start":{"line":11,"column":6},"end":{"line":11,"column":38}},"9":{"start":{"line":12,"column":6},"end":{"line":12,"column":23}},"10":{"start":{"line":15,"column":7},"end":{"line":41,"column":3}},"11":{"start":{"line":16,"column":19},"end":{"line":16,"column":35}},"12":{"start":{"line":17,"column":18},"end":{"line":17,"column":42}},"13":{"start":{"line":18,"column":4},"end":{"line":23,"column":7}},"14":{"start":{"line":19,"column":18},"end":{"line":19,"column":58}},"15":{"start":{"line":20,"column":6},"end":{"line":22,"column":9}},"16":{"start":{"line":21,"column":8},"end":{"line":21,"column":37}},"17":{"start":{"line":25,"column":7},"end":{"line":41,"column":3}},"18":{"start":{"line":26,"column":19},"end":{"line":26,"column":35}},"19":{"start":{"line":27,"column":18},"end":{"line":27,"column":42}},"20":{"start":{"line":28,"column":4},"end":{"line":35,"column":7}},"21":{"start":{"line":29,"column":18},"end":{"line":29,"column":58}},"22":{"start":{"line":30,"column":6},"end":{"line":34,"column":9}},"23":{"start":{"line":31,"column":8},"end":{"line":33,"column":11}},"24":{"start":{"line":32,"column":10},"end":{"line":32,"column":43}},"25":{"start":{"line":38,"column":18},"end":{"line":38,"column":51}},"26":{"start":{"line":39,"column":4},"end":{"line":39,"column":25}},"27":{"start":{"line":40,"column":4},"end":{"line":40,"column":17}},"28":{"start":{"line":45,"column":21},"end":{"line":53,"column":1}},"29":{"start":{"line":46,"column":18},"end":{"line":46,"column":46}},"30":{"start":{"line":46,"column":36},"end":{"line":46,"column":45}},"31":{"start":{"line":47,"column":15},"end":{"line":47,"column":38}},"32":{"start":{"line":48,"column":18},"end":{"line":51,"column":3}},"33":{"start":{"line":52,"column":2},"end":{"line":52,"column":19}},"34":{"start":{"line":56,"column":19},"end":{"line":62,"column":1}},"35":{"start":{"line":57,"column":20},"end":{"line":59,"column":4}},"36":{"start":{"line":58,"column":4},"end":{"line":58,"column":65}},"37":{"start":{"line":60,"column":2},"end":{"line":60,"column":27}},"38":{"start":{"line":61,"column":2},"end":{"line":61,"column":21}},"39":{"start":{"line":65,"column":24},"end":{"line":71,"column":1}},"40":{"start":{"line":66,"column":21},"end":{"line":68,"column":4}},"41":{"start":{"line":67,"column":4},"end":{"line":67,"column":99}},"42":{"start":{"line":69,"column":2},"end":{"line":69,"column":28}},"43":{"start":{"line":70,"column":2},"end":{"line":70,"column":22}},"44":{"start":{"line":74,"column":0},"end":{"line":79,"column":1}}},"fnMap":{"0":{"name":"(anonymous_0)","decl":{"start":{"line":4,"column":25},"end":{"line":4,"column":26}},"loc":{"start":{"line":4,"column":35},"end":{"line":42,"column":1}},"line":4},"1":{"name":"(anonymous_1)","decl":{"start":{"line":8,"column":40},"end":{"line":8,"column":41}},"loc":{"start":{"line":8,"column":54},"end":{"line":13,"column":5}},"line":8},"2":{"name":"(anonymous_2)","decl":{"start":{"line":18,"column":40},"end":{"line":18,"column":41}},"loc":{"start":{"line":18,"column":54},"end":{"line":23,"column":5}},"line":18},"3":{"name":"(anonymous_3)","decl":{"start":{"line":20,"column":43},"end":{"line":20,"column":44}},"loc":{"start":{"line":20,"column":58},"end":{"line":22,"column":7}},"line":20},"4":{"name":"(anonymous_4)","decl":{"start":{"line":28,"column":40},"end":{"line":28,"column":41}},"loc":{"start":{"line":28,"column":54},"end":{"line":35,"column":5}},"line":28},"5":{"name":"(anonymous_5)","decl":{"start":{"line":30,"column":43},"end":{"line":30,"column":44}},"loc":{"start":{"line":30,"column":58},"end":{"line":34,"column":7}},"line":30},"6":{"name":"(anonymous_6)","decl":{"start":{"line":31,"column":45},"end":{"line":31,"column":46}},"loc":{"start":{"line":31,"column":59},"end":{"line":33,"column":9}},"line":31},"7":{"name":"(anonymous_7)","decl":{"start":{"line":45,"column":21},"end":{"line":45,"column":22}},"loc":{"start":{"line":45,"column":32},"end":{"line":53,"column":1}},"line":45},"8":{"name":"(anonymous_8)","decl":{"start":{"line":46,"column":28},"end":{"line":46,"column":29}},"loc":{"start":{"line":46,"column":36},"end":{"line":46,"column":45}},"line":46},"9":{"name":"(anonymous_9)","decl":{"start":{"line":56,"column":19},"end":{"line":56,"column":20}},"loc":{"start":{"line":56,"column":34},"end":{"line":62,"column":1}},"line":56},"10":{"name":"(anonymous_10)","decl":{"start":{"line":57,"column":34},"end":{"line":57,"column":35}},"loc":{"start":{"line":57,"column":44},"end":{"line":59,"column":3}},"line":57},"11":{"name":"(anonymous_11)","decl":{"start":{"line":65,"column":24},"end":{"line":65,"column":25}},"loc":{"start":{"line":65,"column":38},"end":{"line":71,"column":1}},"line":65},"12":{"name":"(anonymous_12)","decl":{"start":{"line":66,"column":34},"end":{"line":66,"column":35}},"loc":{"start":{"line":66,"column":44},"end":{"line":68,"column":3}},"line":66}},"branchMap":{"0":{"loc":{"start":{"line":5,"column":2},"end":{"line":41,"column":3}},"type":"if","locations":[{"start":{"line":5,"column":2},"end":{"line":41,"column":3}},{"start":{"line":5,"column":2},"end":{"line":41,"column":3}}],"line":5},"1":{"loc":{"start":{"line":15,"column":7},"end":{"line":41,"column":3}},"type":"if","locations":[{"start":{"line":15,"column":7},"end":{"line":41,"column":3}},{"start":{"line":15,"column":7},"end":{"line":41,"column":3}}],"line":15},"2":{"loc":{"start":{"line":25,"column":7},"end":{"line":41,"column":3}},"type":"if","locations":[{"start":{"line":25,"column":7},"end":{"line":41,"column":3}},{"start":{"line":25,"column":7},"end":{"line":41,"column":3}}],"line":25}},"s":{"0":1,"1":1,"2":4,"3":1,"4":1,"5":1,"6":1,"7":1,"8":1,"9":1,"10":3,"11":1,"12":1,"13":1,"14":1,"15":1,"16":1,"17":2,"18":1,"19":1,"20":1,"21":0,"22":0,"23":0,"24":0,"25":1,"26":1,"27":1,"28":1,"29":2,"30":2,"31":2,"32":2,"33":2,"34":1,"35":2,"36":2,"37":2,"38":2,"39":1,"40":1,"41":1,"42":1,"43":1,"44":1},"f":{"0":4,"1":1,"2":1,"3":1,"4":0,"5":0,"6":0,"7":2,"8":2,"9":2,"10":2,"11":1,"12":1},"b":{"0":[1,3],"1":[1,2],"2":[1,1]},"_coverageSchema":"332fd63041d2c1bcb487cc26dd0d5f7d97098a6c","hash":"98982e808b7ad134fe03189fbaa240d746b7948c"}
,"/home/nataly/Documentos/Laboratoria/especializacion/markdown/scl-2018-01-FE-markdown/lib/mdlinks.js": {"path":"/home/nataly/Documentos/Laboratoria/especializacion/markdown/scl-2018-01-FE-markdown/lib/mdlinks.js","statementMap":{"0":{"start":{"line":1,"column":9},"end":{"line":1,"column":22}},"1":{"start":{"line":2,"column":13},"end":{"line":2,"column":28}},"2":{"start":{"line":3,"column":15},"end":{"line":3,"column":32}},"3":{"start":{"line":4,"column":14},"end":{"line":4,"column":30}},"4":{"start":{"line":5,"column":23},"end":{"line":5,"column":47}},"5":{"start":{"line":8,"column":24},"end":{"line":11,"column":1}},"6":{"start":{"line":9,"column":15},"end":{"line":9,"column":27}},"7":{"start":{"line":10,"column":2},"end":{"line":10,"column":14}},"8":{"start":{"line":14,"column":19},"end":{"line":23,"column":1}},"9":{"start":{"line":15,"column":19},"end":{"line":15,"column":26}},"10":{"start":{"line":16,"column":2},"end":{"line":22,"column":3}},"11":{"start":{"line":17,"column":16},"end":{"line":17,"column":51}},"12":{"start":{"line":18,"column":4},"end":{"line":18,"column":25}},"13":{"start":{"line":19,"column":4},"end":{"line":19,"column":17}},"14":{"start":{"line":21,"column":4},"end":{"line":21,"column":20}},"15":{"start":{"line":26,"column":23},"end":{"line":29,"column":1}},"16":{"start":{"line":27,"column":16},"end":{"line":27,"column":38}},"17":{"start":{"line":28,"column":2},"end":{"line":28,"column":17}},"18":{"start":{"line":32,"column":23},"end":{"line":43,"column":1}},"19":{"start":{"line":33,"column":2},"end":{"line":42,"column":5}},"20":{"start":{"line":34,"column":4},"end":{"line":41,"column":7}},"21":{"start":{"line":35,"column":6},"end":{"line":40,"column":7}},"22":{"start":{"line":36,"column":8},"end":{"line":36,"column":35}},"23":{"start":{"line":38,"column":23},"end":{"line":38,"column":27}},"24":{"start":{"line":39,"column":8},"end":{"line":39,"column":26}},"25":{"start":{"line":46,"column":30},"end":{"line":73,"column":1}},"26":{"start":{"line":47,"column":16},"end":{"line":47,"column":18}},"27":{"start":{"line":48,"column":19},"end":{"line":48,"column":40}},"28":{"start":{"line":49,"column":35},"end":{"line":49,"column":286}},"29":{"start":{"line":51,"column":2},"end":{"line":51,"column":66}},"30":{"start":{"line":52,"column":2},"end":{"line":52,"column":63}},"31":{"start":{"line":53,"column":2},"end":{"line":53,"column":66}},"32":{"start":{"line":55,"column":2},"end":{"line":61,"column":4}},"33":{"start":{"line":56,"column":4},"end":{"line":60,"column":7}},"34":{"start":{"line":62,"column":2},"end":{"line":69,"column":4}},"35":{"start":{"line":63,"column":4},"end":{"line":63,"column":46}},"36":{"start":{"line":64,"column":4},"end":{"line":68,"column":7}},"37":{"start":{"line":70,"column":2},"end":{"line":70,"column":43}},"38":{"start":{"line":71,"column":2},"end":{"line":71,"column":27}},"39":{"start":{"line":72,"column":2},"end":{"line":72,"column":15}},"40":{"start":{"line":76,"column":16},"end":{"line":103,"column":1}},"41":{"start":{"line":77,"column":20},"end":{"line":99,"column":4}},"42":{"start":{"line":78,"column":4},"end":{"line":98,"column":7}},"43":{"start":{"line":79,"column":6},"end":{"line":97,"column":11}},"44":{"start":{"line":81,"column":26},"end":{"line":86,"column":11}},"45":{"start":{"line":87,"column":10},"end":{"line":87,"column":29}},"46":{"start":{"line":90,"column":26},"end":{"line":95,"column":11}},"47":{"start":{"line":96,"column":10},"end":{"line":96,"column":29}},"48":{"start":{"line":100,"column":2},"end":{"line":102,"column":5}},"49":{"start":{"line":101,"column":4},"end":{"line":101,"column":21}},"50":{"start":{"line":106,"column":22},"end":{"line":132,"column":1}},"51":{"start":{"line":107,"column":24},"end":{"line":128,"column":4}},"52":{"start":{"line":108,"column":4},"end":{"line":127,"column":7}},"53":{"start":{"line":109,"column":6},"end":{"line":126,"column":11}},"54":{"start":{"line":111,"column":10},"end":{"line":111,"column":26}},"55":{"start":{"line":114,"column":10},"end":{"line":114,"column":32}},"56":{"start":{"line":117,"column":25},"end":{"line":124,"column":11}},"57":{"start":{"line":125,"column":10},"end":{"line":125,"column":28}},"58":{"start":{"line":129,"column":2},"end":{"line":131,"column":5}},"59":{"start":{"line":130,"column":4},"end":{"line":130,"column":20}},"60":{"start":{"line":135,"column":0},"end":{"line":143,"column":2}}},"fnMap":{"0":{"name":"(anonymous_0)","decl":{"start":{"line":8,"column":24},"end":{"line":8,"column":25}},"loc":{"start":{"line":8,"column":30},"end":{"line":11,"column":1}},"line":8},"1":{"name":"(anonymous_1)","decl":{"start":{"line":14,"column":19},"end":{"line":14,"column":20}},"loc":{"start":{"line":14,"column":29},"end":{"line":23,"column":1}},"line":14},"2":{"name":"(anonymous_2)","decl":{"start":{"line":26,"column":23},"end":{"line":26,"column":24}},"loc":{"start":{"line":26,"column":37},"end":{"line":29,"column":1}},"line":26},"3":{"name":"(anonymous_3)","decl":{"start":{"line":32,"column":23},"end":{"line":32,"column":24}},"loc":{"start":{"line":32,"column":36},"end":{"line":43,"column":1}},"line":32},"4":{"name":"(anonymous_4)","decl":{"start":{"line":33,"column":21},"end":{"line":33,"column":22}},"loc":{"start":{"line":33,"column":34},"end":{"line":42,"column":3}},"line":33},"5":{"name":"(anonymous_5)","decl":{"start":{"line":34,"column":34},"end":{"line":34,"column":35}},"loc":{"start":{"line":34,"column":49},"end":{"line":41,"column":5}},"line":34},"6":{"name":"(anonymous_6)","decl":{"start":{"line":46,"column":30},"end":{"line":46,"column":31}},"loc":{"start":{"line":46,"column":53},"end":{"line":73,"column":1}},"line":46},"7":{"name":"(anonymous_7)","decl":{"start":{"line":55,"column":18},"end":{"line":55,"column":19}},"loc":{"start":{"line":55,"column":47},"end":{"line":61,"column":3}},"line":55},"8":{"name":"(anonymous_8)","decl":{"start":{"line":62,"column":19},"end":{"line":62,"column":20}},"loc":{"start":{"line":62,"column":48},"end":{"line":69,"column":3}},"line":62},"9":{"name":"(anonymous_9)","decl":{"start":{"line":76,"column":16},"end":{"line":76,"column":17}},"loc":{"start":{"line":76,"column":37},"end":{"line":103,"column":1}},"line":76},"10":{"name":"(anonymous_10)","decl":{"start":{"line":77,"column":30},"end":{"line":77,"column":31}},"loc":{"start":{"line":77,"column":40},"end":{"line":99,"column":3}},"line":77},"11":{"name":"(anonymous_11)","decl":{"start":{"line":78,"column":23},"end":{"line":78,"column":24}},"loc":{"start":{"line":78,"column":34},"end":{"line":98,"column":5}},"line":78},"12":{"name":"(anonymous_12)","decl":{"start":{"line":80,"column":14},"end":{"line":80,"column":15}},"loc":{"start":{"line":80,"column":29},"end":{"line":88,"column":9}},"line":80},"13":{"name":"(anonymous_13)","decl":{"start":{"line":89,"column":16},"end":{"line":89,"column":17}},"loc":{"start":{"line":89,"column":22},"end":{"line":97,"column":9}},"line":89},"14":{"name":"(anonymous_14)","decl":{"start":{"line":100,"column":37},"end":{"line":100,"column":38}},"loc":{"start":{"line":100,"column":50},"end":{"line":102,"column":3}},"line":100},"15":{"name":"(anonymous_15)","decl":{"start":{"line":106,"column":22},"end":{"line":106,"column":23}},"loc":{"start":{"line":106,"column":37},"end":{"line":132,"column":1}},"line":106},"16":{"name":"(anonymous_16)","decl":{"start":{"line":107,"column":38},"end":{"line":107,"column":39}},"loc":{"start":{"line":107,"column":48},"end":{"line":128,"column":3}},"line":107},"17":{"name":"(anonymous_17)","decl":{"start":{"line":108,"column":23},"end":{"line":108,"column":24}},"loc":{"start":{"line":108,"column":34},"end":{"line":127,"column":5}},"line":108},"18":{"name":"(anonymous_18)","decl":{"start":{"line":110,"column":14},"end":{"line":110,"column":15}},"loc":{"start":{"line":110,"column":28},"end":{"line":112,"column":9}},"line":110},"19":{"name":"(anonymous_19)","decl":{"start":{"line":113,"column":15},"end":{"line":113,"column":16}},"loc":{"start":{"line":113,"column":26},"end":{"line":115,"column":9}},"line":113},"20":{"name":"(anonymous_20)","decl":{"start":{"line":116,"column":14},"end":{"line":116,"column":15}},"loc":{"start":{"line":116,"column":26},"end":{"line":126,"column":9}},"line":116},"21":{"name":"(anonymous_21)","decl":{"start":{"line":129,"column":41},"end":{"line":129,"column":42}},"loc":{"start":{"line":129,"column":53},"end":{"line":131,"column":3}},"line":129}},"branchMap":{"0":{"loc":{"start":{"line":16,"column":2},"end":{"line":22,"column":3}},"type":"if","locations":[{"start":{"line":16,"column":2},"end":{"line":22,"column":3}},{"start":{"line":16,"column":2},"end":{"line":22,"column":3}}],"line":16},"1":{"loc":{"start":{"line":35,"column":6},"end":{"line":40,"column":7}},"type":"if","locations":[{"start":{"line":35,"column":6},"end":{"line":40,"column":7}},{"start":{"line":35,"column":6},"end":{"line":40,"column":7}}],"line":35}},"s":{"0":2,"1":2,"2":2,"3":2,"4":2,"5":2,"6":0,"7":0,"8":2,"9":5,"10":5,"11":1,"12":1,"13":1,"14":4,"15":2,"16":4,"17":4,"18":2,"19":4,"20":4,"21":2,"22":0,"23":2,"24":2,"25":2,"26":3,"27":3,"28":3,"29":3,"30":3,"31":3,"32":3,"33":3,"34":3,"35":0,"36":0,"37":3,"38":3,"39":3,"40":2,"41":5,"42":5,"43":5,"44":3,"45":3,"46":0,"47":0,"48":5,"49":3,"50":2,"51":1,"52":1,"53":1,"54":0,"55":0,"56":0,"57":0,"58":1,"59":0,"60":2},"f":{"0":0,"1":5,"2":4,"3":4,"4":4,"5":2,"6":3,"7":3,"8":0,"9":5,"10":5,"11":5,"12":3,"13":0,"14":3,"15":1,"16":1,"17":1,"18":0,"19":0,"20":0,"21":0},"b":{"0":[1,4],"1":[0,2]},"_coverageSchema":"332fd63041d2c1bcb487cc26dd0d5f7d97098a6c","hash":"dc6708d9f12e5be2050f2a5b8e926519d09f08cf"}
}
