TN:
SF:/home/nataly/Documentos/Laboratoria/especializacion/markdown/scl-2018-01-FE-markdown/lib/controller.js
FN:4,(anonymous_0)
FN:8,(anonymous_1)
FN:18,(anonymous_2)
FN:20,(anonymous_3)
FN:28,(anonymous_4)
FN:30,(anonymous_5)
FN:31,(anonymous_6)
FN:45,(anonymous_7)
FN:46,(anonymous_8)
FN:56,(anonymous_9)
FN:57,(anonymous_10)
FN:65,(anonymous_11)
FN:66,(anonymous_12)
FNF:13
FNH:10
FNDA:4,(anonymous_0)
FNDA:1,(anonymous_1)
FNDA:1,(anonymous_2)
FNDA:1,(anonymous_3)
FNDA:0,(anonymous_4)
FNDA:0,(anonymous_5)
FNDA:0,(anonymous_6)
FNDA:2,(anonymous_7)
FNDA:2,(anonymous_8)
FNDA:2,(anonymous_9)
FNDA:2,(anonymous_10)
FNDA:1,(anonymous_11)
FNDA:1,(anonymous_12)
DA:1,1
DA:4,1
DA:5,4
DA:6,1
DA:7,1
DA:8,1
DA:9,1
DA:10,1
DA:11,1
DA:12,1
DA:15,3
DA:16,1
DA:17,1
DA:18,1
DA:19,1
DA:20,1
DA:21,1
DA:25,2
DA:26,1
DA:27,1
DA:28,1
DA:29,0
DA:30,0
DA:31,0
DA:32,0
DA:38,1
DA:39,1
DA:40,1
DA:45,1
DA:46,2
DA:47,2
DA:48,2
DA:52,2
DA:56,1
DA:57,2
DA:58,2
DA:60,2
DA:61,2
DA:65,1
DA:66,1
DA:67,1
DA:69,1
DA:70,1
DA:74,1
LF:44
LH:40
BRDA:5,0,0,1
BRDA:5,0,1,3
BRDA:15,1,0,1
BRDA:15,1,1,2
BRDA:25,2,0,1
BRDA:25,2,1,1
BRF:6
BRH:6
end_of_record
TN:
SF:/home/nataly/Documentos/Laboratoria/especializacion/markdown/scl-2018-01-FE-markdown/lib/mdlinks.js
FN:8,(anonymous_0)
FN:14,(anonymous_1)
FN:26,(anonymous_2)
FN:32,(anonymous_3)
FN:33,(anonymous_4)
FN:34,(anonymous_5)
FN:46,(anonymous_6)
FN:55,(anonymous_7)
FN:62,(anonymous_8)
FN:76,(anonymous_9)
FN:77,(anonymous_10)
FN:78,(anonymous_11)
FN:80,(anonymous_12)
FN:89,(anonymous_13)
FN:100,(anonymous_14)
FN:106,(anonymous_15)
FN:107,(anonymous_16)
FN:108,(anonymous_17)
FN:110,(anonymous_18)
FN:113,(anonymous_19)
FN:116,(anonymous_20)
FN:129,(anonymous_21)
FNF:22
FNH:15
FNDA:0,(anonymous_0)
FNDA:5,(anonymous_1)
FNDA:4,(anonymous_2)
FNDA:4,(anonymous_3)
FNDA:4,(anonymous_4)
FNDA:2,(anonymous_5)
FNDA:3,(anonymous_6)
FNDA:3,(anonymous_7)
FNDA:0,(anonymous_8)
FNDA:5,(anonymous_9)
FNDA:5,(anonymous_10)
FNDA:5,(anonymous_11)
FNDA:3,(anonymous_12)
FNDA:0,(anonymous_13)
FNDA:3,(anonymous_14)
FNDA:1,(anonymous_15)
FNDA:1,(anonymous_16)
FNDA:1,(anonymous_17)
FNDA:0,(anonymous_18)
FNDA:0,(anonymous_19)
FNDA:0,(anonymous_20)
FNDA:0,(anonymous_21)
DA:1,2
DA:2,2
DA:3,2
DA:4,2
DA:5,2
DA:8,2
DA:9,0
DA:10,0
DA:14,2
DA:15,5
DA:16,5
DA:17,1
DA:18,1
DA:19,1
DA:21,4
DA:26,2
DA:27,4
DA:28,4
DA:32,2
DA:33,4
DA:34,4
DA:35,2
DA:36,0
DA:38,2
DA:39,2
DA:46,2
DA:47,3
DA:48,3
DA:49,3
DA:51,3
DA:52,3
DA:53,3
DA:55,3
DA:56,3
DA:62,3
DA:63,0
DA:64,0
DA:70,3
DA:71,3
DA:72,3
DA:76,2
DA:77,5
DA:78,5
DA:79,5
DA:81,3
DA:87,3
DA:90,0
DA:96,0
DA:100,5
DA:101,3
DA:106,2
DA:107,1
DA:108,1
DA:109,1
DA:111,0
DA:114,0
DA:117,0
DA:125,0
DA:129,1
DA:130,0
DA:135,2
LF:61
LH:49
BRDA:16,0,0,1
BRDA:16,0,1,4
BRDA:35,1,0,0
BRDA:35,1,1,2
BRF:4
BRH:3
end_of_record
